<?xml version="1.0" encoding="UTF-8" ?>
<testsuite errors="1" failures="0" hostname="igor-Inspiron-5423" name="com.grailsinaction.PostIntegrationSpec" skipped="0" tests="5" time="0.554" timestamp="2015-10-21T19:37:49">
  <properties />
  <testcase classname="com.grailsinaction.PostIntegrationSpec" name="Adding posts to user links post to user" time="0.144" />
  <testcase classname="com.grailsinaction.PostIntegrationSpec" name="Ensure posts linked to a user can be retrieved" time="0.109" />
  <testcase classname="com.grailsinaction.PostIntegrationSpec" name="Exercise tagging several posts with various tags" time="0.067" />
  <testcase classname="com.grailsinaction.PostIntegrationSpec" name="Ensure a user can follow other users" time="0.065" />
  <testcase classname="com.grailsinaction.PostIntegrationSpec" name="we can’t call Tag.addToPosts" time="0.164">
    <error message="com/grailsinaction/PostIntegrationSpec$__spock_feature_1_4_closure2" type="java.lang.NoClassDefFoundError">java.lang.NoClassDefFoundError: com/grailsinaction/PostIntegrationSpec$__spock_feature_1_4_closure2
	at com.grailsinaction.PostIntegrationSpec.we can’t call Tag.addToPosts(PostIntegrationSpec.groovy:99)
Caused by: java.lang.ClassNotFoundException: com.grailsinaction.PostIntegrationSpec$__spock_feature_1_4_closure2
	at java.net.URLClassLoader$1.run(URLClassLoader.java:366)
	at java.net.URLClassLoader$1.run(URLClassLoader.java:355)
	at java.net.URLClassLoader.findClass(URLClassLoader.java:354)
	at java.lang.ClassLoader.loadClass(ClassLoader.java:425)
	at java.lang.ClassLoader.loadClass(ClassLoader.java:358)
</error>
  </testcase>
  <system-out><![CDATA[--Output from Adding posts to user links post to user--
--Output from Ensure posts linked to a user can be retrieved--
--Output from Exercise tagging several posts with various tags--
--Output from Ensure a user can follow other users--
--Output from we can’t call Tag.addToPosts--
]]></system-out>
  <system-err><![CDATA[--Output from Adding posts to user links post to user--
--Output from Ensure posts linked to a user can be retrieved--
--Output from Exercise tagging several posts with various tags--
--Output from Ensure a user can follow other users--
--Output from we can’t call Tag.addToPosts--
]]></system-err>
</testsuite>
