<?xml version="1.0" encoding="UTF-8" ?>
<testsuite errors="0" failures="0" hostname="igor-Inspiron-5423" name="com.grailsinaction.PostIntegrationSpec" skipped="0" tests="4" time="0.305" timestamp="2015-10-19T20:54:47">
  <properties />
  <testcase classname="com.grailsinaction.PostIntegrationSpec" name="Adding posts to user links post to user" time="0.06" />
  <testcase classname="com.grailsinaction.PostIntegrationSpec" name="Ensure posts linked to a user can be retrieved" time="0.086" />
  <testcase classname="com.grailsinaction.PostIntegrationSpec" name="Exercise tagging several posts with various tags" time="0.089" />
  <testcase classname="com.grailsinaction.PostIntegrationSpec" name="Ensure a user can follow other users" time="0.065" />
  <system-out><![CDATA[--Output from Adding posts to user links post to user--
--Output from Ensure posts linked to a user can be retrieved--
--Output from Exercise tagging several posts with various tags--
--Output from Ensure a user can follow other users--
]]></system-out>
  <system-err><![CDATA[--Output from Adding posts to user links post to user--
--Output from Ensure posts linked to a user can be retrieved--
--Output from Exercise tagging several posts with various tags--
--Output from Ensure a user can follow other users--
]]></system-err>
</testsuite>
